Jul 14 03:33 : update: Not a directory: /home/ewe/Music
Jul 14 03:33 : exception: Failed to open '/home/ewe/.config/mpd/mpdstate': No such file or directory
Jul 14 03:34 : exception: Failed to open /home/ewe/.config/mpd/playlists: No such file or directory
Jul 14 03:34 : update: added /{11} {ZUN} 幻想の永遠祭.flac
Jul 14 03:34 : update: added /(03) [あきやまうに] 永遠に続く回廊.flac
Jul 14 03:34 : update: added /{01} {ZUN} 蓬莱伝説.flac
Jul 14 03:34 : update: added /(08) [あきやまうに] 疑惑の芽生え.flac
Jul 14 03:34 : update: added /(05) [紅い流星] 有頂天変 ～ Wonderful Heaven.flac
Jul 14 03:34 : update: added /{09} {上海アリス幻樂団} 夢と現の境界.flac
Jul 14 03:34 : update: added /(04) [あきやまうに] 壮言大語.flac
Jul 14 03:34 : update: added /{03} {ZUN} 桜花之恋塚～Japanese Flower.flac
Jul 14 03:34 : update: added /(05) [あきやまうに] 落日に映える逆さ城.flac
Jul 14 03:34 : update: added /(11) [あきやまうに] 至る有頂天.flac
Jul 14 03:34 : update: added /{09} {ZUN} Witch of Love Potion.flac
Jul 14 03:34 : update: added /{04} {ZUN} 古の冥界寺.flac
Jul 14 03:34 : update: added /(16) [あきやまうに, JUN] 舞い散る憑依華吹雪.flac
Jul 14 03:34 : update: added /(06) [あきやまうに] 聖輦船空を往く.flac
Jul 14 03:34 : update: added /{11} {ZUN} U.N.オーエンは彼女なのか？.flac
Jul 14 03:34 : update: added /(04) [あきやまうに] マッシュルーム・ワルツ.flac
Jul 14 03:34 : update: added /(07) [ELEMENTAS] 夜が降りてくる ～ Evening Star.flac
Jul 14 03:34 : update: added /{05} {ZUN} 幻視の夜 ～ Ghostly Eyes.flac
Jul 14 03:34 : update: added /{07} {ZUN} 月の妖鳥、化猫の幻.flac
Jul 14 03:34 : update: added /(08) [あきやまうに] 夢世界フォークロア.flac
Jul 14 03:34 : update: added /{02} {ZUN} 少女秘封倶楽部.flac
Jul 14 03:34 : update: added /{07} {上海アリス幻樂団} 夜が降りてくる　～ Evening Star.flac
Jul 14 03:34 : update: added /雑踏、僕らの街-トゲナシトゲアリ.mp3
Jul 14 03:34 : update: added /Two Steps-Bôa.mp3
Jul 14 03:34 : update: added /{08} {上海アリス幻樂団} 人形裁判　～ 人の形弄びし少女.flac
Jul 14 03:34 : update: added /(13) [あきやまうに] 開演間近.flac
Jul 14 03:34 : update: added /{09} {ZUN} 魔法少女十字軍.flac
Jul 14 03:34 : update: added /(02) [あきやまうに] 憑依投合.flac
Jul 14 03:34 : update: added /(01) [あきやまうに, JUN, 荒井英理也] 憑依華.flac
Jul 14 03:34 : update: added /(06) [Kou Ogata] 華狭間のバトルフィールド.flac
Jul 14 03:34 : update: added /(16) [あきやまうに] 知略縦横.flac
Jul 14 03:34 : update: added /(10) [あきやまうに] 天衣無縫 ～ Yellow Lily.flac
Jul 14 03:34 : update: added /(19) [あきやまうに, 荒井英理也] 未だ蕾む憑依華.flac
Jul 14 03:34 : update: added /{08} {ZUN} 人形の森.flac
Jul 14 03:34 : update: added /{03} {上海アリス幻樂団} 上海紅茶館　～ Chinese Tea.flac
Jul 14 03:34 : update: added /{01} {上海アリス幻樂団} 童祭 ～ Innocent Treasures.flac
Jul 14 03:34 : update: added /(03) [狐夢想] 永遠の春夢.flac
Jul 14 03:34 : update: added /(01) [あきやまうに, JUN] 真相へ繋がる枝葉.flac
Jul 14 03:34 : update: added /{10} {上海アリス幻樂団} 幻想機械　～ Phantom Factory.flac
Jul 14 03:34 : update: added /{05} {ZUN} 東方怪奇談.flac
Jul 14 03:34 : update: added /TH16 东方天空璋 ～ Hidden Star in Four Seasons..flac
Jul 14 03:34 : update: added /{12} {ZUN} 永遠の巫女.flac
Jul 14 03:34 : update: added /{06} {上海アリス幻樂団} 永夜の報い　～ Imperishable Night.flac
Jul 14 03:34 : update: added /{01} {ZUN} 夜のデンデラ野を逝く.flac
Jul 14 03:34 : update: added /{10} {ZUN} リーインカーネイション.flac
Jul 14 03:34 : update: added /(13) [あきやまうに] 沢の河童の技術力.flac
Jul 14 03:34 : update: added /{02} {ZUN} スプートニク幻夜.flac
Jul 14 03:34 : update: added /迷星叫-MyGO!!!!!.mp3
Jul 14 03:34 : update: added /(12) [あきやまうに] 異心同体.flac
Jul 14 03:34 : update: added /(03) [あきやまうに, にいむ] 地の色は黄色 ～ Primrose.flac
Jul 14 03:34 : update: added /(12) [あきやまうに] 千の試練を超えて.flac
Jul 14 03:34 : update: added /２、ARRANGE DISC.flac
Jul 14 03:34 : update: added /(15) [あきやまうに, JUN] 咲き誇る憑依華.flac
Jul 14 03:34 : update: added /{06} {ZUN} 魔術師メリー.flac
Jul 14 03:34 : update: added /{05} {上海アリス幻樂団} 科学世紀の少年少女.flac
Jul 14 03:34 : update: added /影色舞-MyGO!!!!!.mp3
Jul 14 03:34 : update: added /(14) [あきやまうに, JUN] 地底に咲く薔薇.flac
Jul 14 03:34 : update: added /(01) [あきやまうに] 異変の種子.flac
Jul 14 03:34 : update: added /{02} {ZUN} 二色蓮花蝶～Red And White.flac
Jul 14 03:34 : update: added /TH12.8 Yousei Daisensou ~ Touhou SangesseiYousei Daisensou ~ Touhou Sangessei.flac
Jul 14 03:34 : update: added /(14) [ZUN] 今宵は飄逸なエゴイスト(Live ver) ～ Egoistic Flowers..flac
Jul 14 03:34 : update: added /(17) [ZUN] 憑坐は夢と現の間に ～ Necro-Fantasia.flac
Jul 14 03:34 : update: added /{10} {ZUN} 少女幻葬 ～ Necro-Fantasy.flac
Jul 14 03:34 : update: added /(02) [ARM] ラストオカルティズム ～ 現し世の秘術師.flac
Jul 14 03:34 : update: added /{04} {上海アリス幻樂団} ヴォヤージュ1969.flac
Jul 14 03:34 : update: added /{01} {ZUN} 魔法使いの憂鬱.flac
Jul 14 03:34 : update: added /(05) [あきやまうに] 連帯責人.flac
Jul 14 03:34 : update: added /Little Miss-Bôa.mp3
Jul 14 03:34 : update: added /{04} {ZUN} 明治十七年の上海アリス.flac
Jul 14 03:34 : update: added /(09) [あきやまうに] 合縁奇縁.flac
Jul 14 03:34 : update: added /(02) [あきやまうに, にいむ] 不滅のレッドソウル.flac
Jul 14 03:34 : update: added /(11) [あきやまうに, にいむ] 光輝く天球儀.flac
Jul 14 03:34 : update: added /(06) [あきやまうに] 心綺楼演舞.flac
Jul 14 03:34 : update: added /{06} {ZUN} エニグマティクドール.flac
Jul 14 03:34 : update: added /{13} {ZUN} 空飛ぶ巫女の不思議な毎日.flac
Jul 14 03:34 : update: added /(04) [ぴずや, テラ] 輝く針の小人族 ～ Little Princess.flac
Jul 14 03:34 : update: added /Komm, süsser Tod ／甘き死よ、来たれ (M-10 Director’s Edit. Version)-arianne schreiber.mp3
Jul 14 03:34 : update: added /(08) [あきやまうに] 憑坐は夢と現の間に ～ Necro-Fantasia.flac
Jul 14 03:34 : update: added /(10) [あきやまうに, 荒井英理也] 恒常不変の参廟祀.flac
Jul 14 03:34 : update: added /(07) [あきやまうに] 法力の下の平等.flac
Jul 14 03:34 : update: added /(17) [Kou Ogata] 悠久の蒸気機関.flac
Jul 14 03:34 : update: added /(18) [あきやまうに] 行雲流水.flac
Jul 14 03:34 : update: added /(15) [あきやまうに] 深緑の狸森にて.flac
Jul 14 03:34 : update: added /(09) [あきやまうに, にいむ, 荒井英理也] 今宵は飄逸なエゴイスト ～ Egoistic Flowers..flac
Jul 14 03:34 : update: added /{02} {上海アリス幻樂団} 華胥の夢.flac
Jul 14 03:34 : update: added /{03} {ZUN} 東方妖々夢 ～ Ancient Temple.flac
Jul 14 03:34 : update: added /上海アリス幻樂団 & 黄昏フロンティア - 幻想曲抜萃 Disc2 ~ NIGHT DISC.flac
Jul 14 03:34 : update: added /上海アリス幻樂団 & 黄昏フロンティア - 幻想曲抜萃 Disc1 ～ DAY DISC.flac
Jul 14 03:34 : update: added /Departures〜あなたにおくるアイの歌〜-EGOIST.mp3
Jul 14 03:34 : update: added /{07} {ZUN} サーカスレヴァリエ.flac
Jul 14 03:34 : update: added /(09) [あきやまうに] スリープシープ・パレード.flac
Jul 14 03:34 : update: added /{11} {上海アリス幻樂団} 幽玄の槭樹　～ Eternal Dream.flac
Jul 14 03:34 : update: added /春日影 (MyGO!!!!! ver.)-MyGO!!!!!.mp3
Jul 14 03:34 : update: added /Duvet-Bôa.mp3
Jul 14 03:34 : update: added /(07) [あきやまうに] 意気揚々.flac
Jul 14 03:34 : update: added /1、ORIGINAL DISC.flac
Jul 14 03:34 : update: added /{08} {ZUN} 過去の花 ～ Fairy of Flower.flac
Jul 14 03:34 : exception: Failed to open /home/ewe/.config/mpd/playlists: No such file or directory
Jul 14 03:34 : exception: Failed to open '/home/ewe/.config/mpd/playlists/TH12.8 Yousei Daisensou ~ Touhou SangesseiYousei Daisensou ~ Touhou Sangessei.flac.m3u': No such file or directory
Jul 14 03:34 : exception: Failed to open '/home/ewe/.config/mpd/playlists/上海アリス幻樂団 & 黄昏フロンティア - 幻想曲抜萃 Disc1 ～ DAY DISC.flac.m3u': No such file or directory
Jul 14 03:34 : exception: Failed to open '/home/ewe/.config/mpd/playlists/上海アリス幻樂団 & 黄昏フロンティア - 幻想曲抜萃 Disc2 ~ NIGHT DISC.flac.m3u': No such file or directory
Jul 14 03:34 : exception: Failed to open '/home/ewe/.config/mpd/playlists/TH16 东方天空璋 ～ Hidden Star in Four Seasons..flac.m3u': No such file or directory
Jul 14 03:34 : exception: Failed to open '/home/ewe/.config/mpd/playlists/２、ARRANGE DISC.flac.m3u': No such file or directory
Jul 14 03:34 : exception: Failed to open '/home/ewe/.config/mpd/playlists/1、ORIGINAL DISC.flac.m3u': No such file or directory
Jul 14 03:34 : exception: Failed to open /home/ewe/.config/mpd/playlists: No such file or directory
Jul 14 03:35 : exception: Failed to open '/home/ewe/.config/mpd/playlists/TH12.8 Yousei Daisensou ~ Touhou SangesseiYousei Daisensou ~ Touhou Sangessei.flac.m3u': No such file or directory
Jul 14 03:35 : exception: Failed to open '/home/ewe/.config/mpd/playlists/上海アリス幻樂団 & 黄昏フロンティア - 幻想曲抜萃 Disc1 ～ DAY DISC.flac.m3u': No such file or directory
Jul 14 03:35 : exception: Failed to open '/home/ewe/.config/mpd/playlists/上海アリス幻樂団 & 黄昏フロンティア - 幻想曲抜萃 Disc2 ~ NIGHT DISC.flac.m3u': No such file or directory
Jul 14 03:35 : exception: Failed to open '/home/ewe/.config/mpd/playlists/TH16 东方天空璋 ～ Hidden Star in Four Seasons..flac.m3u': No such file or directory
Jul 14 03:35 : exception: Failed to open '/home/ewe/.config/mpd/playlists/２、ARRANGE DISC.flac.m3u': No such file or directory
Jul 14 03:35 : exception: Failed to open '/home/ewe/.config/mpd/playlists/1、ORIGINAL DISC.flac.m3u': No such file or directory
Jul 14 03:35 : exception: Failed to open /home/ewe/.config/mpd/playlists: No such file or directory
Jul 14 03:35 : exception: Failed to open '/home/ewe/.config/mpd/playlists/TH12.8 Yousei Daisensou ~ Touhou SangesseiYousei Daisensou ~ Touhou Sangessei.flac.m3u': No such file or directory
Jul 14 03:35 : exception: Failed to open '/home/ewe/.config/mpd/playlists/上海アリス幻樂団 & 黄昏フロンティア - 幻想曲抜萃 Disc1 ～ DAY DISC.flac.m3u': No such file or directory
Jul 14 03:35 : exception: Failed to open '/home/ewe/.config/mpd/playlists/上海アリス幻樂団 & 黄昏フロンティア - 幻想曲抜萃 Disc2 ~ NIGHT DISC.flac.m3u': No such file or directory
Jul 14 03:35 : exception: Failed to open '/home/ewe/.config/mpd/playlists/TH16 东方天空璋 ～ Hidden Star in Four Seasons..flac.m3u': No such file or directory
Jul 14 03:35 : exception: Failed to open '/home/ewe/.config/mpd/playlists/２、ARRANGE DISC.flac.m3u': No such file or directory
Jul 14 03:35 : exception: Failed to open '/home/ewe/.config/mpd/playlists/1、ORIGINAL DISC.flac.m3u': No such file or directory
Jul 14 03:35 : exception: Failed to open /home/ewe/.config/mpd/playlists: No such file or directory
Jul 14 03:35 : exception: Failed to open '/home/ewe/.config/mpd/playlists/TH12.8 Yousei Daisensou ~ Touhou SangesseiYousei Daisensou ~ Touhou Sangessei.flac.m3u': No such file or directory
Jul 14 03:35 : exception: Failed to open '/home/ewe/.config/mpd/playlists/上海アリス幻樂団 & 黄昏フロンティア - 幻想曲抜萃 Disc1 ～ DAY DISC.flac.m3u': No such file or directory
Jul 14 03:35 : exception: Failed to open '/home/ewe/.config/mpd/playlists/上海アリス幻樂団 & 黄昏フロンティア - 幻想曲抜萃 Disc2 ~ NIGHT DISC.flac.m3u': No such file or directory
Jul 14 03:35 : exception: Failed to open '/home/ewe/.config/mpd/playlists/TH16 东方天空璋 ～ Hidden Star in Four Seasons..flac.m3u': No such file or directory
Jul 14 03:35 : exception: Failed to open '/home/ewe/.config/mpd/playlists/２、ARRANGE DISC.flac.m3u': No such file or directory
Jul 14 03:35 : exception: Failed to open '/home/ewe/.config/mpd/playlists/1、ORIGINAL DISC.flac.m3u': No such file or directory
Jul 14 03:35 : exception: Failed to open /home/ewe/.config/mpd/playlists: No such file or directory
Jul 14 03:42 : exception: Failed to open '/home/ewe/.config/mpd/playlists/TH12.8 Yousei Daisensou ~ Touhou SangesseiYousei Daisensou ~ Touhou Sangessei.flac.m3u': No such file or directory
Jul 14 03:42 : exception: Failed to open '/home/ewe/.config/mpd/playlists/上海アリス幻樂団 & 黄昏フロンティア - 幻想曲抜萃 Disc1 ～ DAY DISC.flac.m3u': No such file or directory
Jul 14 03:42 : exception: Failed to open '/home/ewe/.config/mpd/playlists/上海アリス幻樂団 & 黄昏フロンティア - 幻想曲抜萃 Disc2 ~ NIGHT DISC.flac.m3u': No such file or directory
Jul 14 03:42 : exception: Failed to open '/home/ewe/.config/mpd/playlists/TH16 东方天空璋 ～ Hidden Star in Four Seasons..flac.m3u': No such file or directory
Jul 14 03:42 : exception: Failed to open '/home/ewe/.config/mpd/playlists/２、ARRANGE DISC.flac.m3u': No such file or directory
Jul 14 03:42 : exception: Failed to open '/home/ewe/.config/mpd/playlists/1、ORIGINAL DISC.flac.m3u': No such file or directory
Jul 14 03:49 : player: played "Departures〜あなたにおくるアイの歌〜-EGOIST.mp3"
Jul 14 03:52 : player: played "Departures〜あなたにおくるアイの歌〜-EGOIST.mp3"
Jul 14 03:57 : player: played "Departures〜あなたにおくるアイの歌〜-EGOIST.mp3"
Jul 14 03:59 : player: played "Departures〜あなたにおくるアイの歌〜-EGOIST.mp3"
Jul 14 04:02 : player: played "Departures〜あなたにおくるアイの歌〜-EGOIST.mp3"
Jul 14 04:07 : player: played "Departures〜あなたにおくるアイの歌〜-EGOIST.mp3"
Jul 14 04:18 : player: played "Departures〜あなたにおくるアイの歌〜-EGOIST.mp3"
Jul 14 04:20 : player: played "Departures〜あなたにおくるアイの歌〜-EGOIST.mp3"
Jul 14 04:51 : player: played "Komm, süsser Tod ／甘き死よ、来たれ (M-10 Director’s Edit. Version)-arianne schreiber.mp3"
Jul 14 04:57 : player: played "Komm, süsser Tod ／甘き死よ、来たれ (M-10 Director’s Edit. Version)-arianne schreiber.mp3"
Jul 14 05:04 : player: played "Komm, süsser Tod ／甘き死よ、来たれ (M-10 Director’s Edit. Version)-arianne schreiber.mp3"
Jul 14 05:09 : player: played "Komm, süsser Tod ／甘き死よ、来たれ (M-10 Director’s Edit. Version)-arianne schreiber.mp3"
Jul 14 05:18 : player: played "Komm, süsser Tod ／甘き死よ、来たれ (M-10 Director’s Edit. Version)-arianne schreiber.mp3"
Jul 14 05:21 : player: played "Komm, süsser Tod ／甘き死よ、来たれ (M-10 Director’s Edit. Version)-arianne schreiber.mp3"
Jul 14 05:26 : player: played "Komm, süsser Tod ／甘き死よ、来たれ (M-10 Director’s Edit. Version)-arianne schreiber.mp3"
Jul 14 05:34 : player: played "Komm, süsser Tod ／甘き死よ、来たれ (M-10 Director’s Edit. Version)-arianne schreiber.mp3"
Jul 14 05:39 : player: played "Komm, süsser Tod ／甘き死よ、来たれ (M-10 Director’s Edit. Version)-arianne schreiber.mp3"
Jul 14 06:09 : player: played "Departures〜あなたにおくるアイの歌〜-EGOIST.mp3"
Jul 14 06:20 : player: played "Departures〜あなたにおくるアイの歌〜-EGOIST.mp3"
Jul 14 06:21 : player: played "Komm, süsser Tod ／甘き死よ、来たれ (M-10 Director’s Edit. Version)-arianne schreiber.mp3"
Jul 14 10:05 : player: played "Komm, süsser Tod ／甘き死よ、来たれ (M-10 Director’s Edit. Version)-arianne schreiber.mp3"
Jul 14 10:13 : player: played "Komm, süsser Tod ／甘き死よ、来たれ (M-10 Director’s Edit. Version)-arianne schreiber.mp3"
Jul 14 10:18 : player: played "Komm, süsser Tod ／甘き死よ、来たれ (M-10 Director’s Edit. Version)-arianne schreiber.mp3"
Jul 14 10:26 : player: played "Departures〜あなたにおくるアイの歌〜-EGOIST.mp3"
Jul 14 11:08 : player: played "Departures〜あなたにおくるアイの歌〜-EGOIST.mp3"
Jul 14 11:38 : player: played "Departures〜あなたにおくるアイの歌〜-EGOIST.mp3"
Jul 14 19:51 : player: played "Departures〜あなたにおくるアイの歌〜-EGOIST.mp3"
Jul 14 20:10 : player: played "Departures〜あなたにおくるアイの歌〜-EGOIST.mp3"
Jul 14 20:15 : player: played "Departures〜あなたにおくるアイの歌〜-EGOIST.mp3"
Jul 14 20:20 : player: played "Departures〜あなたにおくるアイの歌〜-EGOIST.mp3"
Jul 14 20:30 : player: played "Departures〜あなたにおくるアイの歌〜-EGOIST.mp3"
Jul 15 12:51 : player: played "Departures〜あなたにおくるアイの歌〜-EGOIST.mp3"
Jul 15 13:19 : player: played "Departures〜あなたにおくるアイの歌〜-EGOIST.mp3"
Jul 15 16:53 : player: played "Departures〜あなたにおくるアイの歌〜-EGOIST.mp3"
Jul 15 18:15 : player: played "Little Miss-Bôa.mp3"
Jul 15 18:20 : player: played "Departures〜あなたにおくるアイの歌〜-EGOIST.mp3"
Jul 15 18:24 : player: played "Komm, süsser Tod ／甘き死よ、来たれ (M-10 Director’s Edit. Version)-arianne schreiber.mp3"
Jul 15 21:20 : player: played "Departures〜あなたにおくるアイの歌〜-EGOIST.mp3"
Jul 15 21:56 : player: played "Komm, süsser Tod ／甘き死よ、来たれ (M-10 Director’s Edit. Version)-arianne schreiber.mp3"
Jul 16 08:27 : player: played "Little Miss-Bôa.mp3"
Jul 16 08:27 : player: played "Two Steps-Bôa.mp3"
Jul 16 08:27 : output: Failed to play on "pulse audio" (pulse): disconnected
Jul 16 12:56 : player: played "Two Steps-Bôa.mp3"
Jul 16 19:05 : player: played "Two Steps-Bôa.mp3"
Jul 17 08:14 : player: played "Duvet-Bôa.mp3"
Jul 17 08:19 : player: played "{01} {上海アリス幻樂団} 童祭 ～ Innocent Treasures.flac"
Jul 17 12:10 : player: played "Departures〜あなたにおくるアイの歌〜-EGOIST.mp3"
Jul 17 13:26 : player: played "Komm, süsser Tod ／甘き死よ、来たれ (M-10 Director’s Edit. Version)-arianne schreiber.mp3"
Jul 17 15:17 : player: played "Komm, süsser Tod ／甘き死よ、来たれ (M-10 Director’s Edit. Version)-arianne schreiber.mp3"
Jul 17 17:21 : player: played "Komm, süsser Tod ／甘き死よ、来たれ (M-10 Director’s Edit. Version)-arianne schreiber.mp3"
Jul 17 21:56 : player: played "Komm, süsser Tod ／甘き死よ、来たれ (M-10 Director’s Edit. Version)-arianne schreiber.mp3"
Jul 18 10:32 : player: played "Komm, süsser Tod ／甘き死よ、来たれ (M-10 Director’s Edit. Version)-arianne schreiber.mp3"
Jul 18 10:39 : player: played "Komm, süsser Tod ／甘き死よ、来たれ (M-10 Director’s Edit. Version)-arianne schreiber.mp3"
Jul 18 13:16 : player: played "Komm, süsser Tod ／甘き死よ、来たれ (M-10 Director’s Edit. Version)-arianne schreiber.mp3"
Jul 18 18:21 : player: played "Komm, süsser Tod ／甘き死よ、来たれ (M-10 Director’s Edit. Version)-arianne schreiber.mp3"
Jul 18 22:17 : player: played "Komm, süsser Tod ／甘き死よ、来たれ (M-10 Director’s Edit. Version)-arianne schreiber.mp3"
Jul 19 09:32 : player: played "Komm, süsser Tod ／甘き死よ、来たれ (M-10 Director’s Edit. Version)-arianne schreiber.mp3"
Jul 19 12:39 : player: played "Komm, süsser Tod ／甘き死よ、来たれ (M-10 Director’s Edit. Version)-arianne schreiber.mp3"
Jul 19 20:54 : player: played "Komm, süsser Tod ／甘き死よ、来たれ (M-10 Director’s Edit. Version)-arianne schreiber.mp3"
Jul 19 22:18 : player: played "Komm, süsser Tod ／甘き死よ、来たれ (M-10 Director’s Edit. Version)-arianne schreiber.mp3"
Jul 20 12:28 : player: played "Komm, süsser Tod ／甘き死よ、来たれ (M-10 Director’s Edit. Version)-arianne schreiber.mp3"
Jul 20 21:42 : player: played "Komm, süsser Tod ／甘き死よ、来たれ (M-10 Director’s Edit. Version)-arianne schreiber.mp3"
Jul 21 11:09 : player: played "Komm, süsser Tod ／甘き死よ、来たれ (M-10 Director’s Edit. Version)-arianne schreiber.mp3"
Jul 21 19:44 : player: played "Komm, süsser Tod ／甘き死よ、来たれ (M-10 Director’s Edit. Version)-arianne schreiber.mp3"
Jul 21 21:33 : player: played "Komm, süsser Tod ／甘き死よ、来たれ (M-10 Director’s Edit. Version)-arianne schreiber.mp3"
Jul 22 13:24 : player: played "Komm, süsser Tod ／甘き死よ、来たれ (M-10 Director’s Edit. Version)-arianne schreiber.mp3"
Jul 22 22:04 : player: played "Komm, süsser Tod ／甘き死よ、来たれ (M-10 Director’s Edit. Version)-arianne schreiber.mp3"
Jul 23 11:38 : player: played "Komm, süsser Tod ／甘き死よ、来たれ (M-10 Director’s Edit. Version)-arianne schreiber.mp3"
Jul 23 17:50 : player: played "Komm, süsser Tod ／甘き死よ、来たれ (M-10 Director’s Edit. Version)-arianne schreiber.mp3"
Jul 23 21:41 : player: played "Komm, süsser Tod ／甘き死よ、来たれ (M-10 Director’s Edit. Version)-arianne schreiber.mp3"
Jul 24 11:30 : player: played "Komm, süsser Tod ／甘き死よ、来たれ (M-10 Director’s Edit. Version)-arianne schreiber.mp3"
Jul 24 21:51 : player: played "Komm, süsser Tod ／甘き死よ、来たれ (M-10 Director’s Edit. Version)-arianne schreiber.mp3"
Jul 24 22:07 : player: played "Komm, süsser Tod ／甘き死よ、来たれ (M-10 Director’s Edit. Version)-arianne schreiber.mp3"
Jul 25 11:08 : player: played "Komm, süsser Tod ／甘き死よ、来たれ (M-10 Director’s Edit. Version)-arianne schreiber.mp3"
Jul 25 21:35 : player: played "Komm, süsser Tod ／甘き死よ、来たれ (M-10 Director’s Edit. Version)-arianne schreiber.mp3"
Jul 26 11:03 : player: played "Komm, süsser Tod ／甘き死よ、来たれ (M-10 Director’s Edit. Version)-arianne schreiber.mp3"
Jul 26 18:21 : player: played "Komm, süsser Tod ／甘き死よ、来たれ (M-10 Director’s Edit. Version)-arianne schreiber.mp3"
Jul 26 18:57 : player: played "Komm, süsser Tod ／甘き死よ、来たれ (M-10 Director’s Edit. Version)-arianne schreiber.mp3"
Jul 26 21:19 : player: played "Komm, süsser Tod ／甘き死よ、来たれ (M-10 Director’s Edit. Version)-arianne schreiber.mp3"
Jul 27 13:04 : player: played "Komm, süsser Tod ／甘き死よ、来たれ (M-10 Director’s Edit. Version)-arianne schreiber.mp3"
Jul 27 21:22 : player: played "Komm, süsser Tod ／甘き死よ、来たれ (M-10 Director’s Edit. Version)-arianne schreiber.mp3"
Jul 27 21:25 : player: played "Komm, süsser Tod ／甘き死よ、来たれ (M-10 Director’s Edit. Version)-arianne schreiber.mp3"
Jul 28 11:03 : player: played "Komm, süsser Tod ／甘き死よ、来たれ (M-10 Director’s Edit. Version)-arianne schreiber.mp3"
Jul 28 13:06 : player: played "Komm, süsser Tod ／甘き死よ、来たれ (M-10 Director’s Edit. Version)-arianne schreiber.mp3"
Jul 28 16:12 : player: played "Komm, süsser Tod ／甘き死よ、来たれ (M-10 Director’s Edit. Version)-arianne schreiber.mp3"
Jul 28 18:48 : player: played "Komm, süsser Tod ／甘き死よ、来たれ (M-10 Director’s Edit. Version)-arianne schreiber.mp3"
Jul 28 22:19 : player: played "Komm, süsser Tod ／甘き死よ、来たれ (M-10 Director’s Edit. Version)-arianne schreiber.mp3"
Jul 29 11:49 : player: played "Komm, süsser Tod ／甘き死よ、来たれ (M-10 Director’s Edit. Version)-arianne schreiber.mp3"
Jul 29 15:17 : player: played "Komm, süsser Tod ／甘き死よ、来たれ (M-10 Director’s Edit. Version)-arianne schreiber.mp3"
Jul 29 21:59 : player: played "Komm, süsser Tod ／甘き死よ、来たれ (M-10 Director’s Edit. Version)-arianne schreiber.mp3"
Jul 29 22:44 : player: played "Komm, süsser Tod ／甘き死よ、来たれ (M-10 Director’s Edit. Version)-arianne schreiber.mp3"
Jul 30 09:40 : player: played "Komm, süsser Tod ／甘き死よ、来たれ (M-10 Director’s Edit. Version)-arianne schreiber.mp3"
Jul 30 12:46 : player: played "Komm, süsser Tod ／甘き死よ、来たれ (M-10 Director’s Edit. Version)-arianne schreiber.mp3"
Jul 30 13:08 : player: played "Komm, süsser Tod ／甘き死よ、来たれ (M-10 Director’s Edit. Version)-arianne schreiber.mp3"
Jul 30 16:24 : player: played "Komm, süsser Tod ／甘き死よ、来たれ (M-10 Director’s Edit. Version)-arianne schreiber.mp3"
Jul 30 19:47 : player: played "Komm, süsser Tod ／甘き死よ、来たれ (M-10 Director’s Edit. Version)-arianne schreiber.mp3"
Jul 30 21:55 : player: played "Komm, süsser Tod ／甘き死よ、来たれ (M-10 Director’s Edit. Version)-arianne schreiber.mp3"
Jul 31 13:08 : player: played "Komm, süsser Tod ／甘き死よ、来たれ (M-10 Director’s Edit. Version)-arianne schreiber.mp3"
Jul 31 21:59 : player: played "Komm, süsser Tod ／甘き死よ、来たれ (M-10 Director’s Edit. Version)-arianne schreiber.mp3"
Aug 01 09:06 : player: played "Komm, süsser Tod ／甘き死よ、来たれ (M-10 Director’s Edit. Version)-arianne schreiber.mp3"
Aug 01 10:32 : player: played "Komm, süsser Tod ／甘き死よ、来たれ (M-10 Director’s Edit. Version)-arianne schreiber.mp3"
Aug 01 11:08 : player: played "Komm, süsser Tod ／甘き死よ、来たれ (M-10 Director’s Edit. Version)-arianne schreiber.mp3"
Aug 01 11:24 : player: played "Komm, süsser Tod ／甘き死よ、来たれ (M-10 Director’s Edit. Version)-arianne schreiber.mp3"
Aug 01 11:58 : player: played "Komm, süsser Tod ／甘き死よ、来たれ (M-10 Director’s Edit. Version)-arianne schreiber.mp3"
Aug 01 19:53 : player: played "Komm, süsser Tod ／甘き死よ、来たれ (M-10 Director’s Edit. Version)-arianne schreiber.mp3"
Aug 01 21:56 : player: played "Komm, süsser Tod ／甘き死よ、来たれ (M-10 Director’s Edit. Version)-arianne schreiber.mp3"
Aug 02 11:16 : player: played "Komm, süsser Tod ／甘き死よ、来たれ (M-10 Director’s Edit. Version)-arianne schreiber.mp3"
Aug 02 13:01 : player: played "{01} {上海アリス幻樂団} 童祭 ～ Innocent Treasures.flac"
Aug 02 15:41 : player: played "{01} {上海アリス幻樂団} 童祭 ～ Innocent Treasures.flac"
Aug 02 15:42 : player: played "{01} {上海アリス幻樂団} 童祭 ～ Innocent Treasures.flac"
Aug 02 16:18 : player: played "{01} {上海アリス幻樂団} 童祭 ～ Innocent Treasures.flac"
Aug 02 18:49 : player: played "{01} {上海アリス幻樂団} 童祭 ～ Innocent Treasures.flac"
Aug 02 22:07 : player: played "{01} {上海アリス幻樂団} 童祭 ～ Innocent Treasures.flac"
Aug 03 11:41 : player: played "{01} {上海アリス幻樂団} 童祭 ～ Innocent Treasures.flac"
Aug 03 21:54 : player: played "{01} {上海アリス幻樂団} 童祭 ～ Innocent Treasures.flac"
Aug 04 11:29 : player: played "{01} {上海アリス幻樂団} 童祭 ～ Innocent Treasures.flac"
Aug 04 21:22 : player: played "{01} {上海アリス幻樂団} 童祭 ～ Innocent Treasures.flac"
Aug 05 11:47 : player: played "{01} {上海アリス幻樂団} 童祭 ～ Innocent Treasures.flac"
Aug 05 12:30 : player: played "{01} {上海アリス幻樂団} 童祭 ～ Innocent Treasures.flac"
Aug 06 11:03 : player: played "{01} {上海アリス幻樂団} 童祭 ～ Innocent Treasures.flac"
Aug 06 18:00 : player: played "{01} {上海アリス幻樂団} 童祭 ～ Innocent Treasures.flac"
Aug 06 21:20 : player: played "{01} {上海アリス幻樂団} 童祭 ～ Innocent Treasures.flac"
Aug 06 22:25 : player: played "{01} {上海アリス幻樂団} 童祭 ～ Innocent Treasures.flac"
Aug 07 09:15 : player: played "{01} {上海アリス幻樂団} 童祭 ～ Innocent Treasures.flac"
Aug 07 11:30 : player: played "{01} {上海アリス幻樂団} 童祭 ～ Innocent Treasures.flac"
Aug 07 12:23 : player: played "{01} {上海アリス幻樂団} 童祭 ～ Innocent Treasures.flac"
Aug 08 13:40 : player: played "{01} {上海アリス幻樂団} 童祭 ～ Innocent Treasures.flac"
Aug 08 18:34 : player: played "{01} {上海アリス幻樂団} 童祭 ～ Innocent Treasures.flac"
Aug 08 18:59 : player: played "{01} {上海アリス幻樂団} 童祭 ～ Innocent Treasures.flac"
